CRITICAL - 2021-04-08 02:29:07 --> Call to undefined method App\Models\store_reg_model::getStore
#0 C:\xampp\htdocs\minimaline\app\Controllers\Store_registration.php(35): CodeIgniter\Model->__call('getStore', Array)
#1 C:\xampp\htdocs\minimaline\system\CodeIgniter.php(936): App\Controllers\Store_registration->index()
#2 C:\xampp\htdocs\minimaline\system\CodeIgniter.php(432): CodeIgniter\CodeIgniter->runController(Object(App\Controllers\Store_registration))
#3 C:\xampp\htdocs\minimaline\system\CodeIgniter.php(333): CodeIgniter\CodeIgniter->handleRequest(NULL, Object(Config\Cache), false)
#4 C:\xampp\htdocs\minimaline\public\index.php(44): CodeIgniter\CodeIgniter->run()
#5 C:\xampp\htdocs\minimaline\system\Commands\Server\rewrite.php(45): require_once('C:\\xampp\\htdocs...')
#6 {main}
CRITICAL - 2021-04-08 04:04:14 --> reguired is not a valid rule.
#0 C:\xampp\htdocs\minimaline\system\Validation\Validation.php(314): CodeIgniter\Validation\Exceptions\ValidationException::forRuleNotFound('reguired')
#1 C:\xampp\htdocs\minimaline\system\Validation\Validation.php(164): CodeIgniter\Validation\Validation->processRules('manager_name', 'manager_name', 'Lisa', Array, Array)
#2 C:\xampp\htdocs\minimaline\system\Controller.php(181): CodeIgniter\Validation\Validation->run()
#3 C:\xampp\htdocs\minimaline\app\Controllers\Store_registration.php(67): CodeIgniter\Controller->validate(Array)
#4 C:\xampp\htdocs\minimaline\system\CodeIgniter.php(936): App\Controllers\Store_registration->create()
#5 C:\xampp\htdocs\minimaline\system\CodeIgniter.php(432): CodeIgniter\CodeIgniter->runController(Object(App\Controllers\Store_registration))
#6 C:\xampp\htdocs\minimaline\system\CodeIgniter.php(333): CodeIgniter\CodeIgniter->handleRequest(NULL, Object(Config\Cache), false)
#7 C:\xampp\htdocs\minimaline\public\index.php(44): CodeIgniter\CodeIgniter->run()
#8 C:\xampp\htdocs\minimaline\system\Commands\Server\rewrite.php(45): require_once('C:\\xampp\\htdocs...')
#9 {main}
CRITICAL - 2021-04-08 10:34:13 --> Undefined variable $store_info
#0 C:\xampp\htdocs\minimaline\app\Views\account\view.php(1): CodeIgniter\Debug\Exceptions->errorHandler(2, 'Undefined varia...', 'C:\\xampp\\htdocs...', 1)
#1 C:\xampp\htdocs\minimaline\system\View\View.php(220): include('C:\\xampp\\htdocs...')
#2 C:\xampp\htdocs\minimaline\system\View\View.php(222): CodeIgniter\View\View->CodeIgniter\View\{closure}()
#3 C:\xampp\htdocs\minimaline\system\Common.php(1217): CodeIgniter\View\View->render('account/view', Array, true)
#4 C:\xampp\htdocs\minimaline\app\Controllers\Account.php(39): view('account/view', Array)
#5 C:\xampp\htdocs\minimaline\system\CodeIgniter.php(936): App\Controllers\Account->view('seth')
#6 C:\xampp\htdocs\minimaline\system\CodeIgniter.php(432): CodeIgniter\CodeIgniter->runController(Object(App\Controllers\Account))
#7 C:\xampp\htdocs\minimaline\system\CodeIgniter.php(333): CodeIgniter\CodeIgniter->handleRequest(NULL, Object(Config\Cache), false)
#8 C:\xampp\htdocs\minimaline\public\index.php(44): CodeIgniter\CodeIgniter->run()
#9 C:\xampp\htdocs\minimaline\system\Commands\Server\rewrite.php(45): require_once('C:\\xampp\\htdocs...')
#10 {main}
