CRITICAL - 2021-03-10 12:23:23 --> The framework needs the following extension(s) installed and loaded: {0}.
#0 C:\xampp\htdocs\minimaline\system\CodeIgniter.php(224): CodeIgniter\Exceptions\FrameworkException::forMissingExtension('intl')
#1 C:\xampp\htdocs\minimaline\system\CodeIgniter.php(172): CodeIgniter\CodeIgniter->resolvePlatformExtensions()
#2 C:\xampp\htdocs\minimaline\system\bootstrap.php(159): CodeIgniter\CodeIgniter->initialize()
#3 C:\xampp\htdocs\minimaline\public\index.php(35): require('C:\\xampp\\htdocs...')
#4 {main}
CRITICAL - 2021-03-10 12:31:57 --> The framework needs the following extension(s) installed and loaded: {0}.
#0 C:\xampp\htdocs\minimaline\system\CodeIgniter.php(224): CodeIgniter\Exceptions\FrameworkException::forMissingExtension('intl')
#1 C:\xampp\htdocs\minimaline\system\CodeIgniter.php(172): CodeIgniter\CodeIgniter->resolvePlatformExtensions()
#2 C:\xampp\htdocs\minimaline\system\bootstrap.php(159): CodeIgniter\CodeIgniter->initialize()
#3 C:\xampp\htdocs\minimaline\public\index.php(35): require('C:\\xampp\\htdocs...')
#4 {main}
CRITICAL - 2021-03-10 12:33:43 --> The framework needs the following extension(s) installed and loaded: {0}.
#0 C:\xampp\htdocs\minimaline\system\CodeIgniter.php(224): CodeIgniter\Exceptions\FrameworkException::forMissingExtension('intl')
#1 C:\xampp\htdocs\minimaline\system\CodeIgniter.php(172): CodeIgniter\CodeIgniter->resolvePlatformExtensions()
#2 C:\xampp\htdocs\minimaline\system\bootstrap.php(159): CodeIgniter\CodeIgniter->initialize()
#3 C:\xampp\htdocs\minimaline\public\index.php(35): require('C:\\xampp\\htdocs...')
#4 {main}
CRITICAL - 2021-03-10 12:34:50 --> The framework needs the following extension(s) installed and loaded: {0}.
#0 C:\xampp\htdocs\minimaline\system\CodeIgniter.php(224): CodeIgniter\Exceptions\FrameworkException::forMissingExtension('intl')
#1 C:\xampp\htdocs\minimaline\system\CodeIgniter.php(172): CodeIgniter\CodeIgniter->resolvePlatformExtensions()
#2 C:\xampp\htdocs\minimaline\system\bootstrap.php(159): CodeIgniter\CodeIgniter->initialize()
#3 C:\xampp\htdocs\minimaline\public\index.php(35): require('C:\\xampp\\htdocs...')
#4 {main}
CRITICAL - 2021-03-10 12:34:56 --> The framework needs the following extension(s) installed and loaded: {0}.
#0 C:\xampp\htdocs\minimaline\system\CodeIgniter.php(224): CodeIgniter\Exceptions\FrameworkException::forMissingExtension('intl')
#1 C:\xampp\htdocs\minimaline\system\CodeIgniter.php(172): CodeIgniter\CodeIgniter->resolvePlatformExtensions()
#2 C:\xampp\htdocs\minimaline\system\bootstrap.php(159): CodeIgniter\CodeIgniter->initialize()
#3 C:\xampp\htdocs\minimaline\public\index.php(35): require('C:\\xampp\\htdocs...')
#4 {main}
CRITICAL - 2021-03-10 12:35:50 --> The framework needs the following extension(s) installed and loaded: {0}.
#0 C:\xampp\htdocs\minimaline\system\CodeIgniter.php(224): CodeIgniter\Exceptions\FrameworkException::forMissingExtension('intl')
#1 C:\xampp\htdocs\minimaline\system\CodeIgniter.php(172): CodeIgniter\CodeIgniter->resolvePlatformExtensions()
#2 C:\xampp\htdocs\minimaline\system\bootstrap.php(159): CodeIgniter\CodeIgniter->initialize()
#3 C:\xampp\htdocs\minimaline\public\index.php(35): require('C:\\xampp\\htdocs...')
#4 {main}
CRITICAL - 2021-03-10 12:35:54 --> The framework needs the following extension(s) installed and loaded: {0}.
#0 C:\xampp\htdocs\minimaline\system\CodeIgniter.php(224): CodeIgniter\Exceptions\FrameworkException::forMissingExtension('intl')
#1 C:\xampp\htdocs\minimaline\system\CodeIgniter.php(172): CodeIgniter\CodeIgniter->resolvePlatformExtensions()
#2 C:\xampp\htdocs\minimaline\system\bootstrap.php(159): CodeIgniter\CodeIgniter->initialize()
#3 C:\xampp\htdocs\minimaline\public\index.php(35): require('C:\\xampp\\htdocs...')
#4 {main}
CRITICAL - 2021-03-10 12:36:04 --> The framework needs the following extension(s) installed and loaded: {0}.
#0 C:\xampp\htdocs\minimaline\system\CodeIgniter.php(224): CodeIgniter\Exceptions\FrameworkException::forMissingExtension('intl')
#1 C:\xampp\htdocs\minimaline\system\CodeIgniter.php(172): CodeIgniter\CodeIgniter->resolvePlatformExtensions()
#2 C:\xampp\htdocs\minimaline\system\bootstrap.php(159): CodeIgniter\CodeIgniter->initialize()
#3 C:\xampp\htdocs\minimaline\public\index.php(35): require('C:\\xampp\\htdocs...')
#4 {main}
CRITICAL - 2021-03-10 15:12:10 --> The framework needs the following extension(s) installed and loaded: {0}.
#0 C:\xampp\htdocs\minimaline\system\CodeIgniter.php(224): CodeIgniter\Exceptions\FrameworkException::forMissingExtension('intl')
#1 C:\xampp\htdocs\minimaline\system\CodeIgniter.php(172): CodeIgniter\CodeIgniter->resolvePlatformExtensions()
#2 C:\xampp\htdocs\minimaline\system\bootstrap.php(159): CodeIgniter\CodeIgniter->initialize()
#3 C:\xampp\htdocs\minimaline\public\index.php(35): require('C:\\xampp\\htdocs...')
#4 {main}
CRITICAL - 2021-03-10 15:13:00 --> The framework needs the following extension(s) installed and loaded: {0}.
#0 C:\xampp\htdocs\minimaline\system\CodeIgniter.php(224): CodeIgniter\Exceptions\FrameworkException::forMissingExtension('intl')
#1 C:\xampp\htdocs\minimaline\system\CodeIgniter.php(172): CodeIgniter\CodeIgniter->resolvePlatformExtensions()
#2 C:\xampp\htdocs\minimaline\system\bootstrap.php(159): CodeIgniter\CodeIgniter->initialize()
#3 C:\xampp\htdocs\minimaline\public\index.php(35): require('C:\\xampp\\htdocs...')
#4 {main}
CRITICAL - 2021-03-10 08:58:35 --> syntax error, unexpected token ";", expecting "function" or "const"
#0 C:\xampp\htdocs\minimaline\system\Router\Router.php(170): CodeIgniter\Router\Router->autoRoute('pages')
#1 C:\xampp\htdocs\minimaline\system\CodeIgniter.php(816): CodeIgniter\Router\Router->handle('pages')
#2 C:\xampp\htdocs\minimaline\system\CodeIgniter.php(385): CodeIgniter\CodeIgniter->tryToRouteIt(Object(CodeIgniter\Router\RouteCollection))
#3 C:\xampp\htdocs\minimaline\system\CodeIgniter.php(333): CodeIgniter\CodeIgniter->handleRequest(NULL, Object(Config\Cache), false)
#4 C:\xampp\htdocs\minimaline\public\index.php(44): CodeIgniter\CodeIgniter->run()
#5 {main}
CRITICAL - 2021-03-10 08:59:10 --> syntax error, unexpected token ";", expecting "function" or "const"
#0 C:\xampp\htdocs\minimaline\system\Router\Router.php(170): CodeIgniter\Router\Router->autoRoute('pages/showme')
#1 C:\xampp\htdocs\minimaline\system\CodeIgniter.php(816): CodeIgniter\Router\Router->handle('pages/showme')
#2 C:\xampp\htdocs\minimaline\system\CodeIgniter.php(385): CodeIgniter\CodeIgniter->tryToRouteIt(Object(CodeIgniter\Router\RouteCollection))
#3 C:\xampp\htdocs\minimaline\system\CodeIgniter.php(333): CodeIgniter\CodeIgniter->handleRequest(NULL, Object(Config\Cache), false)
#4 C:\xampp\htdocs\minimaline\public\index.php(44): CodeIgniter\CodeIgniter->run()
#5 {main}
CRITICAL - 2021-03-10 09:30:23 --> Invalid file: pages/aboutus.php
#0 C:\xampp\htdocs\minimaline\system\View\View.php(203): CodeIgniter\Exceptions\FrameworkException::forInvalidFile('pages/aboutus.p...')
#1 C:\xampp\htdocs\minimaline\system\Common.php(1217): CodeIgniter\View\View->render('pages/aboutus', Array, true)
#2 C:\xampp\htdocs\minimaline\app\Controllers\Pages.php(14): view('pages/aboutus')
#3 C:\xampp\htdocs\minimaline\system\CodeIgniter.php(936): App\Controllers\Pages->showme('aboutus')
#4 C:\xampp\htdocs\minimaline\system\CodeIgniter.php(432): CodeIgniter\CodeIgniter->runController(Object(App\Controllers\Pages))
#5 C:\xampp\htdocs\minimaline\system\CodeIgniter.php(333): CodeIgniter\CodeIgniter->handleRequest(NULL, Object(Config\Cache), false)
#6 C:\xampp\htdocs\minimaline\public\index.php(44): CodeIgniter\CodeIgniter->run()
#7 {main}
CRITICAL - 2021-03-10 09:30:33 --> Invalid file: pages/page.php
#0 C:\xampp\htdocs\minimaline\system\View\View.php(203): CodeIgniter\Exceptions\FrameworkException::forInvalidFile('pages/page.php')
#1 C:\xampp\htdocs\minimaline\system\Common.php(1217): CodeIgniter\View\View->render('pages/page', Array, true)
#2 C:\xampp\htdocs\minimaline\app\Controllers\Pages.php(14): view('pages/page')
#3 C:\xampp\htdocs\minimaline\system\CodeIgniter.php(936): App\Controllers\Pages->showme('page')
#4 C:\xampp\htdocs\minimaline\system\CodeIgniter.php(432): CodeIgniter\CodeIgniter->runController(Object(App\Controllers\Pages))
#5 C:\xampp\htdocs\minimaline\system\CodeIgniter.php(333): CodeIgniter\CodeIgniter->handleRequest(NULL, Object(Config\Cache), false)
#6 C:\xampp\htdocs\minimaline\public\index.php(44): CodeIgniter\CodeIgniter->run()
#7 {main}
CRITICAL - 2021-03-10 09:30:45 --> Invalid file: pages/aboutus.php
#0 C:\xampp\htdocs\minimaline\system\View\View.php(203): CodeIgniter\Exceptions\FrameworkException::forInvalidFile('pages/aboutus.p...')
#1 C:\xampp\htdocs\minimaline\system\Common.php(1217): CodeIgniter\View\View->render('pages/aboutus', Array, true)
#2 C:\xampp\htdocs\minimaline\app\Controllers\Pages.php(14): view('pages/aboutus')
#3 C:\xampp\htdocs\minimaline\system\CodeIgniter.php(936): App\Controllers\Pages->showme('aboutus')
#4 C:\xampp\htdocs\minimaline\system\CodeIgniter.php(432): CodeIgniter\CodeIgniter->runController(Object(App\Controllers\Pages))
#5 C:\xampp\htdocs\minimaline\system\CodeIgniter.php(333): CodeIgniter\CodeIgniter->handleRequest(NULL, Object(Config\Cache), false)
#6 C:\xampp\htdocs\minimaline\public\index.php(44): CodeIgniter\CodeIgniter->run()
#7 {main}
